<?xml version="1.0" encoding="UTF-8"?>
<!-- Generated by org.testng.reporters.JUnitReportReporter -->
<testsuite hostname="DESKTOP-INED44D" name="TestScenario.ValidateProductDetailsPage" tests="1" failures="0" timestamp="27 May 2019 07:35:10 GMT" time="82.362" errors="0">
  <testcase name="TC_verifyProductDetailsPage" time="82.362" classname="TestScenario.ValidateProductDetailsPage"/>
</testsuite> <!-- TestScenario.ValidateProductDetailsPage -->
