<?xml version="1.0" encoding="UTF-8"?>
<!-- Generated by org.testng.reporters.JUnitReportReporter -->
<testsuite hostname="DESKTOP-INED44D" name="TestScenario.ValidateHomePage" tests="4" failures="0" timestamp="27 May 2019 07:35:10 GMT" time="415.876" errors="0">
  <testcase name="TC_verifyAccountAndCartIconOnHomePage" time="20.578" classname="TestScenario.ValidateHomePage"/>
  <testcase name="TC_verifyFooterLinksOnHomePage" time="270.893" classname="TestScenario.ValidateHomePage"/>
  <testcase name="TC_verifySearchAndHelpOnHomePage" time="25.401" classname="TestScenario.ValidateHomePage"/>
  <testcase name="TC_verifyLogoAndCategoriesOnHomePage" time="99.004" classname="TestScenario.ValidateHomePage"/>
</testsuite> <!-- TestScenario.ValidateHomePage -->
