<?xml version="1.0" encoding="UTF-8"?>
<!-- Generated by org.testng.reporters.JUnitReportReporter -->
<testsuite hostname="DESKTOP-INED44D" name="TestScenario.ValidateProductDetailsPage" tests="1" failures="0" timestamp="22 May 2019 11:21:12 GMT" time="55.901" errors="0">
  <testcase name="TC_verifyProductDetailsPage" time="55.901" classname="TestScenario.ValidateProductDetailsPage"/>
</testsuite> <!-- TestScenario.ValidateProductDetailsPage -->
