<?xml version="1.0" encoding="UTF-8"?>
<!-- Generated by org.testng.reporters.JUnitReportReporter -->
<testsuite hostname="DESKTOP-INED44D" name="TestScenario.ValidateAccountLoginFunctionality" tests="9" failures="0" timestamp="30 May 2019 15:11:54 GMT" time="200.350" errors="0">
  <testcase name="TC_FieldValidationsOnLoginPage" time="7.009" classname="TestScenario.ValidateAccountLoginFunctionality"/>
  <testcase name="TC_VerifyAccountLogin" time="22.769" classname="TestScenario.ValidateAccountLoginFunctionality"/>
  <testcase name="TC_VerifyRecoverPassword" time="23.133" classname="TestScenario.ValidateAccountLoginFunctionality"/>
  <testcase name="TC_FieldValidationsOnCreateAccountPage" time="41.152" classname="TestScenario.ValidateAccountLoginFunctionality"/>
  <testcase name="TC_VerifyErrorScenariosForLogin" time="15.647" classname="TestScenario.ValidateAccountLoginFunctionality"/>
  <testcase name="TC_VerifyErrorScenariosForRecoverPassword" time="24.941" classname="TestScenario.ValidateAccountLoginFunctionality"/>
  <testcase name="TC_VerifyCreateAccount" time="29.404" classname="TestScenario.ValidateAccountLoginFunctionality"/>
  <testcase name="TC_VerifyErrorScenariosForCreateAccount" time="20.247" classname="TestScenario.ValidateAccountLoginFunctionality"/>
  <testcase name="TC_FieldValidationsOnRecoverPasswordPage" time="16.048" classname="TestScenario.ValidateAccountLoginFunctionality"/>
</testsuite> <!-- TestScenario.ValidateAccountLoginFunctionality -->
