<?xml version="1.0" encoding="UTF-8"?>
<!-- Generated by org.testng.reporters.JUnitReportReporter -->
<testsuite hostname="DESKTOP-INED44D" name="TestScenario.ValidateHomePage" tests="4" failures="0" timestamp="30 May 2019 15:11:54 GMT" time="396.514" errors="0">
  <testcase name="TC_verifySearchAndHelpOnHomePage" time="26.844" classname="TestScenario.ValidateHomePage"/>
  <testcase name="TC_verifyLogoAndCategoriesOnHomePage" time="103.318" classname="TestScenario.ValidateHomePage"/>
  <testcase name="TC_verifyAccountAndCartIconOnHomePage" time="13.189" classname="TestScenario.ValidateHomePage"/>
  <testcase name="TC_verifyFooterLinksOnHomePage" time="253.163" classname="TestScenario.ValidateHomePage"/>
</testsuite> <!-- TestScenario.ValidateHomePage -->
