<?xml version="1.0" encoding="UTF-8"?>
<!-- Generated by org.testng.reporters.JUnitReportReporter -->
<testsuite hostname="DESKTOP-INED44D" name="TestScenario.ValidateProductDetailsPage" tests="1" failures="0" timestamp="30 May 2019 15:11:54 GMT" time="74.820" errors="0">
  <testcase name="TC_verifyProductDetailsPage" time="74.820" classname="TestScenario.ValidateProductDetailsPage"/>
</testsuite> <!-- TestScenario.ValidateProductDetailsPage -->
